<?xml version="1.1" encoding="UTF-8"?>
<testsuite name="com.koolping.rest.authorization.RequestSigningAuthorizationServiceTest" tests="7" failures="0" errors="0" timestamp="1970-01-01T00:00:00" hostname="Durgesh" time="1.401102770521E9">
  <properties/>
  <testcase name="invalidUnEncodedRequest" classname="com.koolping.rest.authorization.RequestSigningAuthorizationServiceTest" time="0.943"/>
  <testcase name="invalidSessionToken" classname="com.koolping.rest.authorization.RequestSigningAuthorizationServiceTest" time="0.007"/>
  <testcase name="dateOutOfRange" classname="com.koolping.rest.authorization.RequestSigningAuthorizationServiceTest" time="0.009"/>
  <testcase name="nullSessionToken" classname="com.koolping.rest.authorization.RequestSigningAuthorizationServiceTest" time="0.008"/>
  <testcase name="authorizeUser" classname="com.koolping.rest.authorization.RequestSigningAuthorizationServiceTest" time="0.007"/>
  <testcase name="wrongNonce" classname="com.koolping.rest.authorization.RequestSigningAuthorizationServiceTest" time="0.006"/>
  <testcase name="missingNonce" classname="com.koolping.rest.authorization.RequestSigningAuthorizationServiceTest" time="0.003"/>
  <system-out><![CDATA[EMMA: collecting runtime coverage data ...
EMMA: runtime controller started on port [47653]
12:12:49,799 |-INFO in ch.qos.logback.classic.LoggerContext[default] - Could NOT find resource [logback.groovy]
12:12:49,800 |-INFO in ch.qos.logback.classic.LoggerContext[default] - Could NOT find resource [logback-test.xml]
12:12:49,800 |-INFO in ch.qos.logback.classic.LoggerContext[default] - Found resource [logback.xml] at [file:/D:/dev/projects/koolping-social/build/resources/main/logback.xml]
12:12:50,020 |-INFO in ch.qos.logback.classic.joran.action.ConfigurationAction - debug attribute not set
12:12:50,030 |-INFO in ch.qos.logback.core.joran.action.AppenderAction - About to instantiate appender of type [ch.qos.logback.core.ConsoleAppender]
12:12:50,035 |-INFO in ch.qos.logback.core.joran.action.AppenderAction - Naming appender as [STDOUT]
12:12:50,103 |-WARN in ch.qos.logback.core.ConsoleAppender[STDOUT] - This appender no longer admits a layout as a sub-component, set an encoder instead.
12:12:50,103 |-WARN in ch.qos.logback.core.ConsoleAppender[STDOUT] - To ensure compatibility, wrapping your layout in LayoutWrappingEncoder.
12:12:50,103 |-WARN in ch.qos.logback.core.ConsoleAppender[STDOUT] - See also http://logback.qos.ch/codes.html#layoutInsteadOfEncoder for details
12:12:50,103 |-INFO in ch.qos.logback.classic.joran.action.LoggerAction - Setting level of logger [com.koolping.rest] to DEBUG
12:12:50,103 |-INFO in ch.qos.logback.classic.joran.action.RootLoggerAction - Setting level of ROOT logger to INFO
12:12:50,104 |-INFO in ch.qos.logback.core.joran.action.AppenderRefAction - Attaching appender named [STDOUT] to Logger[ROOT]
12:12:50,104 |-INFO in ch.qos.logback.classic.joran.action.ConfigurationAction - End of configuration.
12:12:50,106 |-INFO in ch.qos.logback.classic.joran.JoranConfigurator@7d36d23 - Registering current configuration as safe fallback point

logbak: 12:12:50.378 c.k.r.a.i.RequestSigningAuthorizationService - Hash check failed for hashed token: c9a42ae6-493e-43fb-9868-061ab458217f:4wkdavMmOz1tdkRjm3IlfzLFT4Tmu8qCRNnutX5eEpU= for the following request: hash123,1234,POST,2014-05-26T12:12:50+01:00,123 for user: null
logbak: 12:12:50.484 c.k.r.a.i.RequestSigningAuthorizationService - Hash check failed for hashed token: c9a42ae6-493e-43fb-9868-061ab458217f:vaUXaTmT4O1KcUXkj3XXh0NqGc2OtE0BN0KlmlhBktI= for the following request: abcdef,POST,2014-05-26T12:12:50+01:00,123 for user: null
logbak: 12:12:50.494 c.k.r.a.i.RequestSigningAuthorizationService - Date in header is out of range: 2014-05-26T11:52:50+01:00
logbak: 12:12:50.517 c.k.r.a.i.RequestSigningAuthorizationService - Hash check failed for hashed token: c9a42ae6-493e-43fb-9868-061ab458217f:lVxCmUL6lk+R0koVbmRDh0MKO8lB2BHYvNI2QcHihWY= for the following request: hash123,123,POST,2014-05-26T12:12:50+01:00,567 for user: null
]]></system-out>
  <system-err><![CDATA[]]></system-err>
</testsuite>
