<?xml version="1.1" encoding="UTF-8"?>
<testsuite name="com.koolping.rest.user.api.PasswordRequestTest" tests="1" failures="0" errors="0" timestamp="2014-05-26T11:13:00" hostname="Durgesh" time="0.003">
  <properties/>
  <testcase name="validPassword" classname="com.koolping.rest.user.api.PasswordRequestTest" time="0.003"/>
  <system-out><![CDATA[]]></system-out>
  <system-err><![CDATA[]]></system-err>
</testsuite>
