<?xml version="1.1" encoding="UTF-8"?>
<testsuite name="com.koolping.rest.authorization.SecurityContextTest" tests="6" failures="0" errors="0" timestamp="2014-05-26T11:12:50" hostname="Durgesh" time="0.014">
  <properties/>
  <testcase name="nullSession" classname="com.koolping.rest.authorization.SecurityContextTest" time="0.001"/>
  <testcase name="validRole" classname="com.koolping.rest.authorization.SecurityContextTest" time="0.001"/>
  <testcase name="invalidRole" classname="com.koolping.rest.authorization.SecurityContextTest" time="0.0"/>
  <testcase name="authenticationFailure" classname="com.koolping.rest.authorization.SecurityContextTest" time="0.001"/>
  <testcase name="caseDoesNotMatter" classname="com.koolping.rest.authorization.SecurityContextTest" time="0.0"/>
  <testcase name="allowAnonymousRole" classname="com.koolping.rest.authorization.SecurityContextTest" time="0.001"/>
  <system-out><![CDATA[]]></system-out>
  <system-err><![CDATA[]]></system-err>
</testsuite>
