<?xml version="1.1" encoding="UTF-8"?>
<testsuite name="com.koolping.rest.user.api.LoginRequestTest" tests="2" failures="0" errors="0" timestamp="2014-05-26T11:13:00" hostname="Durgesh" time="0.009">
  <properties/>
  <testcase name="invalidPassword" classname="com.koolping.rest.user.api.LoginRequestTest" time="0.004"/>
  <testcase name="validRequest" classname="com.koolping.rest.user.api.LoginRequestTest" time="0.005"/>
  <system-out><![CDATA[]]></system-out>
  <system-err><![CDATA[]]></system-err>
</testsuite>
