<?xml version="1.1" encoding="UTF-8"?>
<testsuite name="com.koolping.rest.user.resource.PasswordResourceTest" tests="2" failures="0" errors="0" timestamp="1970-01-01T00:00:00" hostname="Durgesh" time="1.401102782023E9">
  <properties/>
  <testcase name="sendEmailToken" classname="com.koolping.rest.user.resource.PasswordResourceTest" time="0.793"/>
  <testcase name="resetPassword" classname="com.koolping.rest.user.resource.PasswordResourceTest" time="0.473"/>
  <system-out><![CDATA[logbak: 12:13:00.768 o.s.web.context.ContextLoader - Root WebApplicationContext: initialization started
logbak: 12:13:00.769 o.s.w.c.s.XmlWebApplicationContext - Refreshing Root WebApplicationContext: startup date [Mon May 26 12:13:00 BST 2014]; root of context hierarchy
logbak: 12:13:00.771 o.s.b.f.xml.XmlBeanDefinitionReader - Loading XML bean definitions from class path resource [integration-test-context.xml]
logbak: 12:13:00.897 o.s.web.context.ContextLoader - Root WebApplicationContext: initialization completed in 129 ms
logbak: 12:13:01.545 o.s.w.c.s.XmlWebApplicationContext - Closing Root WebApplicationContext: startup date [Mon May 26 12:13:00 BST 2014]; root of context hierarchy
logbak: 12:13:01.575 o.s.web.context.ContextLoader - Root WebApplicationContext: initialization started
logbak: 12:13:01.577 o.s.w.c.s.XmlWebApplicationContext - Refreshing Root WebApplicationContext: startup date [Mon May 26 12:13:01 BST 2014]; root of context hierarchy
logbak: 12:13:01.579 o.s.b.f.xml.XmlBeanDefinitionReader - Loading XML bean definitions from class path resource [integration-test-context.xml]
logbak: 12:13:01.703 o.s.web.context.ContextLoader - Root WebApplicationContext: initialization completed in 127 ms
logbak: 12:13:02.017 o.s.w.c.s.XmlWebApplicationContext - Closing Root WebApplicationContext: startup date [Mon May 26 12:13:01 BST 2014]; root of context hierarchy
]]></system-out>
  <system-err><![CDATA[May 26, 2014 12:13:00 PM com.sun.jersey.test.framework.spi.container.grizzly2.web.GrizzlyWebTestContainerFactory$GrizzlyWebTestContainer <init>
INFO: Creating Grizzly2 Web Container configured at the base URI http://localhost:9998/spring
May 26, 2014 12:13:00 PM org.glassfish.grizzly.http.server.NetworkListener start
INFO: Started listener bound to [localhost:9998]
May 26, 2014 12:13:00 PM org.glassfish.grizzly.servlet.ServletContextImpl log
INFO: Initializing Spring root WebApplicationContext
May 26, 2014 12:13:00 PM org.glassfish.grizzly.http.server.HttpServer start
INFO: [HttpServer-1] Started.
May 26, 2014 12:13:01 PM com.sun.jersey.test.framework.spi.container.grizzly2.web.GrizzlyWebTestContainerFactory$GrizzlyWebTestContainer start
INFO: Starting the Grizzly2 Web Container...
May 26, 2014 12:13:01 PM com.sun.jersey.spi.spring.container.servlet.SpringServlet getContext
INFO: Using default applicationContext
May 26, 2014 12:13:01 PM com.sun.jersey.spi.spring.container.SpringComponentProviderFactory registerSpringBeans
INFO: Registering Spring bean, healthCheckResource, of type com.koolping.rest.resource.HealthCheckResource as a root resource class
May 26, 2014 12:13:01 PM com.sun.jersey.spi.spring.container.SpringComponentProviderFactory registerSpringBeans
INFO: Registering Spring bean, passwordResource, of type com.koolping.rest.user.resource.PasswordResource as a root resource class
May 26, 2014 12:13:01 PM com.sun.jersey.spi.spring.container.SpringComponentProviderFactory registerSpringBeans
INFO: Registering Spring bean, userResource, of type com.koolping.rest.user.resource.UserResource as a root resource class
May 26, 2014 12:13:01 PM com.sun.jersey.spi.spring.container.SpringComponentProviderFactory registerSpringBeans
INFO: Registering Spring bean, verificationResource, of type com.koolping.rest.user.resource.VerificationResource as a root resource class
May 26, 2014 12:13:01 PM com.sun.jersey.server.impl.application.WebApplicationImpl _initiate
INFO: Initiating Jersey application, version 'Jersey: 1.9.1 09/14/2011 02:05 PM'
May 26, 2014 12:13:01 PM com.sun.jersey.test.framework.spi.container.grizzly2.web.GrizzlyWebTestContainerFactory$GrizzlyWebTestContainer stop
INFO: Stopping the Grizzly2 Web Container...
May 26, 2014 12:13:01 PM org.glassfish.grizzly.servlet.ServletContextImpl log
INFO: Closing Spring root WebApplicationContext
May 26, 2014 12:13:01 PM org.glassfish.grizzly.http.server.NetworkListener stop
INFO: Stopped listener bound to [localhost:9998]
May 26, 2014 12:13:01 PM com.sun.jersey.test.framework.spi.container.grizzly2.web.GrizzlyWebTestContainerFactory$GrizzlyWebTestContainer <init>
INFO: Creating Grizzly2 Web Container configured at the base URI http://localhost:9998/spring
May 26, 2014 12:13:01 PM org.glassfish.grizzly.http.server.NetworkListener start
INFO: Started listener bound to [localhost:9998]
May 26, 2014 12:13:01 PM org.glassfish.grizzly.servlet.ServletContextImpl log
INFO: Initializing Spring root WebApplicationContext
May 26, 2014 12:13:01 PM org.glassfish.grizzly.http.server.HttpServer start
INFO: [HttpServer-2] Started.
May 26, 2014 12:13:01 PM com.sun.jersey.test.framework.spi.container.grizzly2.web.GrizzlyWebTestContainerFactory$GrizzlyWebTestContainer start
INFO: Starting the Grizzly2 Web Container...
May 26, 2014 12:13:01 PM com.sun.jersey.spi.spring.container.servlet.SpringServlet getContext
INFO: Using default applicationContext
May 26, 2014 12:13:01 PM com.sun.jersey.spi.spring.container.SpringComponentProviderFactory registerSpringBeans
INFO: Registering Spring bean, healthCheckResource, of type com.koolping.rest.resource.HealthCheckResource as a root resource class
May 26, 2014 12:13:01 PM com.sun.jersey.spi.spring.container.SpringComponentProviderFactory registerSpringBeans
INFO: Registering Spring bean, passwordResource, of type com.koolping.rest.user.resource.PasswordResource as a root resource class
May 26, 2014 12:13:01 PM com.sun.jersey.spi.spring.container.SpringComponentProviderFactory registerSpringBeans
INFO: Registering Spring bean, userResource, of type com.koolping.rest.user.resource.UserResource as a root resource class
May 26, 2014 12:13:01 PM com.sun.jersey.spi.spring.container.SpringComponentProviderFactory registerSpringBeans
INFO: Registering Spring bean, verificationResource, of type com.koolping.rest.user.resource.VerificationResource as a root resource class
May 26, 2014 12:13:01 PM com.sun.jersey.server.impl.application.WebApplicationImpl _initiate
INFO: Initiating Jersey application, version 'Jersey: 1.9.1 09/14/2011 02:05 PM'
May 26, 2014 12:13:02 PM com.sun.jersey.test.framework.spi.container.grizzly2.web.GrizzlyWebTestContainerFactory$GrizzlyWebTestContainer stop
INFO: Stopping the Grizzly2 Web Container...
May 26, 2014 12:13:02 PM org.glassfish.grizzly.servlet.ServletContextImpl log
INFO: Closing Spring root WebApplicationContext
May 26, 2014 12:13:02 PM org.glassfish.grizzly.http.server.NetworkListener stop
INFO: Stopped listener bound to [localhost:9998]
]]></system-err>
</testsuite>
