<?xml version="1.1" encoding="UTF-8"?>
<testsuite name="com.koolping.rest.user.social.JpaUsersConnectionRepositoryTest" tests="5" failures="0" errors="0" timestamp="2014-05-26T11:13:09" hostname="Durgesh" time="0.051">
  <properties/>
  <testcase name="alreadyRegistered" classname="com.koolping.rest.user.social.JpaUsersConnectionRepositoryTest" time="0.009"/>
  <testcase name="firstTimeConnected" classname="com.koolping.rest.user.social.JpaUsersConnectionRepositoryTest" time="0.007"/>
  <testcase name="updateFromSocialLogin" classname="com.koolping.rest.user.social.JpaUsersConnectionRepositoryTest" time="0.009"/>
  <testcase name="validSocialLogin" classname="com.koolping.rest.user.social.JpaUsersConnectionRepositoryTest" time="0.008"/>
  <testcase name="loginWithEmailAddressThenSocialLogin" classname="com.koolping.rest.user.social.JpaUsersConnectionRepositoryTest" time="0.017"/>
  <system-out><![CDATA[]]></system-out>
  <system-err><![CDATA[]]></system-err>
</testsuite>
