<?xml version="1.1" encoding="UTF-8"?>
<testsuite name="com.koolping.rest.user.UserServiceTest" tests="22" failures="0" errors="0" timestamp="1970-01-01T00:00:00" hostname="Durgesh" time="1.401102780548E9">
  <properties/>
  <testcase name="cleanUpExpiredSessions" classname="com.koolping.rest.user.UserServiceTest" time="0.09"/>
  <testcase name="updateUser" classname="com.koolping.rest.user.UserServiceTest" time="0.054"/>
  <testcase name="getValidUser" classname="com.koolping.rest.user.UserServiceTest" time="0.03"/>
  <testcase name="duplicateUser" classname="com.koolping.rest.user.UserServiceTest" time="0.025"/>
  <testcase name="userNotFound" classname="com.koolping.rest.user.UserServiceTest" time="0.013"/>
  <testcase name="createValidUser" classname="com.koolping.rest.user.UserServiceTest" time="0.018"/>
  <testcase name="userNotAuthorizedToDelete" classname="com.koolping.rest.user.UserServiceTest" time="0.028"/>
  <testcase name="badNameRequest" classname="com.koolping.rest.user.UserServiceTest" time="0.019"/>
  <testcase name="validLoginWithEmailAddress" classname="com.koolping.rest.user.UserServiceTest" time="0.021"/>
  <testcase name="invalidPassword" classname="com.koolping.rest.user.UserServiceTest" time="0.017"/>
  <testcase name="getMostRecentSession" classname="com.koolping.rest.user.UserServiceTest" time="0.031"/>
  <testcase name="nullEmailAndUsernameRequest" classname="com.koolping.rest.user.UserServiceTest" time="0.008"/>
  <testcase name="nullPasswordRequest" classname="com.koolping.rest.user.UserServiceTest" time="0.012"/>
  <testcase name="emailAddressAlreadyExists" classname="com.koolping.rest.user.UserServiceTest" time="0.019"/>
  <testcase name="getUserNotFound" classname="com.koolping.rest.user.UserServiceTest" time="0.017"/>
  <testcase name="saveActiveSession" classname="com.koolping.rest.user.UserServiceTest" time="0.02"/>
  <testcase name="getUserByEmailAddress" classname="com.koolping.rest.user.UserServiceTest" time="0.015"/>
  <testcase name="createDefaultUser" classname="com.koolping.rest.user.UserServiceTest" time="0.009"/>
  <testcase name="updateUserWithInvalidEmailAddress" classname="com.koolping.rest.user.UserServiceTest" time="0.012"/>
  <testcase name="invalidLoginRequestNullEmailAddress" classname="com.koolping.rest.user.UserServiceTest" time="0.007"/>
  <testcase name="multipleLoginsGetDifferentSessionToken" classname="com.koolping.rest.user.UserServiceTest" time="0.02"/>
  <testcase name="invalidLoginRequestNullPassword" classname="com.koolping.rest.user.UserServiceTest" time="0.009"/>
  <system-out><![CDATA[logbak: 12:13:00.088 o.s.t.c.t.TransactionalTestExecutionListener - Began transaction (1): transaction manager [org.springframework.orm.jpa.JpaTransactionManager@25e3aac4]; rollback [true]
logbak: 12:13:00.127 o.s.t.c.t.TransactionalTestExecutionListener - Rolled back transaction after test execution for test context [TestContext@29598566 testClass = UserServiceTest, testInstance = com.koolping.rest.user.UserServiceTest@344500bf, testMethod = cleanUpExpiredSessions@UserServiceTest, testException = [null], mergedContextConfiguration = [MergedContextConfiguration@1e341668 testClass = UserServiceTest, locations = '{classpath:META-INF/spring/root-context.xml}', classes = '{}', contextInitializerClasses = '[]', activeProfiles = '{dev}', contextLoader = 'org.springframework.test.context.support.DelegatingSmartContextLoader']]
logbak: 12:13:00.138 o.s.t.c.t.TransactionalTestExecutionListener - Began transaction (2): transaction manager [org.springframework.orm.jpa.JpaTransactionManager@25e3aac4]; rollback [true]
logbak: 12:13:00.181 o.s.t.c.t.TransactionalTestExecutionListener - Rolled back transaction after test execution for test context [TestContext@29598566 testClass = UserServiceTest, testInstance = com.koolping.rest.user.UserServiceTest@15cc9ec8, testMethod = updateUser@UserServiceTest, testException = [null], mergedContextConfiguration = [MergedContextConfiguration@1e341668 testClass = UserServiceTest, locations = '{classpath:META-INF/spring/root-context.xml}', classes = '{}', contextInitializerClasses = '[]', activeProfiles = '{dev}', contextLoader = 'org.springframework.test.context.support.DelegatingSmartContextLoader']]
logbak: 12:13:00.192 o.s.t.c.t.TransactionalTestExecutionListener - Began transaction (3): transaction manager [org.springframework.orm.jpa.JpaTransactionManager@25e3aac4]; rollback [true]
logbak: 12:13:00.213 o.s.t.c.t.TransactionalTestExecutionListener - Rolled back transaction after test execution for test context [TestContext@29598566 testClass = UserServiceTest, testInstance = com.koolping.rest.user.UserServiceTest@27112d2c, testMethod = getValidUser@UserServiceTest, testException = [null], mergedContextConfiguration = [MergedContextConfiguration@1e341668 testClass = UserServiceTest, locations = '{classpath:META-INF/spring/root-context.xml}', classes = '{}', contextInitializerClasses = '[]', activeProfiles = '{dev}', contextLoader = 'org.springframework.test.context.support.DelegatingSmartContextLoader']]
logbak: 12:13:00.223 o.s.t.c.t.TransactionalTestExecutionListener - Began transaction (4): transaction manager [org.springframework.orm.jpa.JpaTransactionManager@25e3aac4]; rollback [true]
logbak: 12:13:00.240 o.s.t.c.t.TransactionalTestExecutionListener - Rolled back transaction after test execution for test context [TestContext@29598566 testClass = UserServiceTest, testInstance = com.koolping.rest.user.UserServiceTest@6290f34d, testMethod = duplicateUser@UserServiceTest, testException = [null], mergedContextConfiguration = [MergedContextConfiguration@1e341668 testClass = UserServiceTest, locations = '{classpath:META-INF/spring/root-context.xml}', classes = '{}', contextInitializerClasses = '[]', activeProfiles = '{dev}', contextLoader = 'org.springframework.test.context.support.DelegatingSmartContextLoader']]
logbak: 12:13:00.249 o.s.t.c.t.TransactionalTestExecutionListener - Began transaction (5): transaction manager [org.springframework.orm.jpa.JpaTransactionManager@25e3aac4]; rollback [true]
logbak: 12:13:00.252 o.s.t.c.t.TransactionalTestExecutionListener - Rolled back transaction after test execution for test context [TestContext@29598566 testClass = UserServiceTest, testInstance = com.koolping.rest.user.UserServiceTest@103d6abe, testMethod = userNotFound@UserServiceTest, testException = [null], mergedContextConfiguration = [MergedContextConfiguration@1e341668 testClass = UserServiceTest, locations = '{classpath:META-INF/spring/root-context.xml}', classes = '{}', contextInitializerClasses = '[]', activeProfiles = '{dev}', contextLoader = 'org.springframework.test.context.support.DelegatingSmartContextLoader']]
logbak: 12:13:00.261 o.s.t.c.t.TransactionalTestExecutionListener - Began transaction (6): transaction manager [org.springframework.orm.jpa.JpaTransactionManager@25e3aac4]; rollback [true]
logbak: 12:13:00.271 o.s.t.c.t.TransactionalTestExecutionListener - Rolled back transaction after test execution for test context [TestContext@29598566 testClass = UserServiceTest, testInstance = com.koolping.rest.user.UserServiceTest@f85b3c2, testMethod = createValidUser@UserServiceTest, testException = [null], mergedContextConfiguration = [MergedContextConfiguration@1e341668 testClass = UserServiceTest, locations = '{classpath:META-INF/spring/root-context.xml}', classes = '{}', contextInitializerClasses = '[]', activeProfiles = '{dev}', contextLoader = 'org.springframework.test.context.support.DelegatingSmartContextLoader']]
logbak: 12:13:00.280 o.s.t.c.t.TransactionalTestExecutionListener - Began transaction (7): transaction manager [org.springframework.orm.jpa.JpaTransactionManager@25e3aac4]; rollback [true]
logbak: 12:13:00.299 o.s.t.c.t.TransactionalTestExecutionListener - Rolled back transaction after test execution for test context [TestContext@29598566 testClass = UserServiceTest, testInstance = com.koolping.rest.user.UserServiceTest@29783b83, testMethod = userNotAuthorizedToDelete@UserServiceTest, testException = [null], mergedContextConfiguration = [MergedContextConfiguration@1e341668 testClass = UserServiceTest, locations = '{classpath:META-INF/spring/root-context.xml}', classes = '{}', contextInitializerClasses = '[]', activeProfiles = '{dev}', contextLoader = 'org.springframework.test.context.support.DelegatingSmartContextLoader']]
logbak: 12:13:00.305 o.s.t.c.t.TransactionalTestExecutionListener - Began transaction (8): transaction manager [org.springframework.orm.jpa.JpaTransactionManager@25e3aac4]; rollback [true]
logbak: 12:13:00.319 o.s.t.c.t.TransactionalTestExecutionListener - Rolled back transaction after test execution for test context [TestContext@29598566 testClass = UserServiceTest, testInstance = com.koolping.rest.user.UserServiceTest@619db33e, testMethod = badNameRequest@UserServiceTest, testException = [null], mergedContextConfiguration = [MergedContextConfiguration@1e341668 testClass = UserServiceTest, locations = '{classpath:META-INF/spring/root-context.xml}', classes = '{}', contextInitializerClasses = '[]', activeProfiles = '{dev}', contextLoader = 'org.springframework.test.context.support.DelegatingSmartContextLoader']]
logbak: 12:13:00.324 o.s.t.c.t.TransactionalTestExecutionListener - Began transaction (9): transaction manager [org.springframework.orm.jpa.JpaTransactionManager@25e3aac4]; rollback [true]
logbak: 12:13:00.340 o.s.t.c.t.TransactionalTestExecutionListener - Rolled back transaction after test execution for test context [TestContext@29598566 testClass = UserServiceTest, testInstance = com.koolping.rest.user.UserServiceTest@550f14b5, testMethod = validLoginWithEmailAddress@UserServiceTest, testException = [null], mergedContextConfiguration = [MergedContextConfiguration@1e341668 testClass = UserServiceTest, locations = '{classpath:META-INF/spring/root-context.xml}', classes = '{}', contextInitializerClasses = '[]', activeProfiles = '{dev}', contextLoader = 'org.springframework.test.context.support.DelegatingSmartContextLoader']]
logbak: 12:13:00.347 o.s.t.c.t.TransactionalTestExecutionListener - Began transaction (10): transaction manager [org.springframework.orm.jpa.JpaTransactionManager@25e3aac4]; rollback [true]
logbak: 12:13:00.358 o.s.t.c.t.TransactionalTestExecutionListener - Rolled back transaction after test execution for test context [TestContext@29598566 testClass = UserServiceTest, testInstance = com.koolping.rest.user.UserServiceTest@36082557, testMethod = invalidPassword@UserServiceTest, testException = [null], mergedContextConfiguration = [MergedContextConfiguration@1e341668 testClass = UserServiceTest, locations = '{classpath:META-INF/spring/root-context.xml}', classes = '{}', contextInitializerClasses = '[]', activeProfiles = '{dev}', contextLoader = 'org.springframework.test.context.support.DelegatingSmartContextLoader']]
logbak: 12:13:00.366 o.s.t.c.t.TransactionalTestExecutionListener - Began transaction (11): transaction manager [org.springframework.orm.jpa.JpaTransactionManager@25e3aac4]; rollback [true]
logbak: 12:13:00.390 o.s.t.c.t.TransactionalTestExecutionListener - Rolled back transaction after test execution for test context [TestContext@29598566 testClass = UserServiceTest, testInstance = com.koolping.rest.user.UserServiceTest@7a5b2b1a, testMethod = getMostRecentSession@UserServiceTest, testException = [null], mergedContextConfiguration = [MergedContextConfiguration@1e341668 testClass = UserServiceTest, locations = '{classpath:META-INF/spring/root-context.xml}', classes = '{}', contextInitializerClasses = '[]', activeProfiles = '{dev}', contextLoader = 'org.springframework.test.context.support.DelegatingSmartContextLoader']]
logbak: 12:13:00.399 o.s.t.c.t.TransactionalTestExecutionListener - Began transaction (12): transaction manager [org.springframework.orm.jpa.JpaTransactionManager@25e3aac4]; rollback [true]
logbak: 12:13:00.402 o.s.t.c.t.TransactionalTestExecutionListener - Rolled back transaction after test execution for test context [TestContext@29598566 testClass = UserServiceTest, testInstance = com.koolping.rest.user.UserServiceTest@73ce3070, testMethod = nullEmailAndUsernameRequest@UserServiceTest, testException = [null], mergedContextConfiguration = [MergedContextConfiguration@1e341668 testClass = UserServiceTest, locations = '{classpath:META-INF/spring/root-context.xml}', classes = '{}', contextInitializerClasses = '[]', activeProfiles = '{dev}', contextLoader = 'org.springframework.test.context.support.DelegatingSmartContextLoader']]
logbak: 12:13:00.412 o.s.t.c.t.TransactionalTestExecutionListener - Began transaction (13): transaction manager [org.springframework.orm.jpa.JpaTransactionManager@25e3aac4]; rollback [true]
logbak: 12:13:00.414 o.s.t.c.t.TransactionalTestExecutionListener - Rolled back transaction after test execution for test context [TestContext@29598566 testClass = UserServiceTest, testInstance = com.koolping.rest.user.UserServiceTest@608e29c, testMethod = nullPasswordRequest@UserServiceTest, testException = [null], mergedContextConfiguration = [MergedContextConfiguration@1e341668 testClass = UserServiceTest, locations = '{classpath:META-INF/spring/root-context.xml}', classes = '{}', contextInitializerClasses = '[]', activeProfiles = '{dev}', contextLoader = 'org.springframework.test.context.support.DelegatingSmartContextLoader']]
logbak: 12:13:00.421 o.s.t.c.t.TransactionalTestExecutionListener - Began transaction (14): transaction manager [org.springframework.orm.jpa.JpaTransactionManager@25e3aac4]; rollback [true]
logbak: 12:13:00.433 o.s.t.c.t.TransactionalTestExecutionListener - Rolled back transaction after test execution for test context [TestContext@29598566 testClass = UserServiceTest, testInstance = com.koolping.rest.user.UserServiceTest@e08f131, testMethod = emailAddressAlreadyExists@UserServiceTest, testException = [null], mergedContextConfiguration = [MergedContextConfiguration@1e341668 testClass = UserServiceTest, locations = '{classpath:META-INF/spring/root-context.xml}', classes = '{}', contextInitializerClasses = '[]', activeProfiles = '{dev}', contextLoader = 'org.springframework.test.context.support.DelegatingSmartContextLoader']]
logbak: 12:13:00.443 o.s.t.c.t.TransactionalTestExecutionListener - Began transaction (15): transaction manager [org.springframework.orm.jpa.JpaTransactionManager@25e3aac4]; rollback [true]
logbak: 12:13:00.447 o.s.t.c.t.TransactionalTestExecutionListener - Rolled back transaction after test execution for test context [TestContext@29598566 testClass = UserServiceTest, testInstance = com.koolping.rest.user.UserServiceTest@720c1f32, testMethod = getUserNotFound@UserServiceTest, testException = [null], mergedContextConfiguration = [MergedContextConfiguration@1e341668 testClass = UserServiceTest, locations = '{classpath:META-INF/spring/root-context.xml}', classes = '{}', contextInitializerClasses = '[]', activeProfiles = '{dev}', contextLoader = 'org.springframework.test.context.support.DelegatingSmartContextLoader']]
logbak: 12:13:00.458 o.s.t.c.t.TransactionalTestExecutionListener - Began transaction (16): transaction manager [org.springframework.orm.jpa.JpaTransactionManager@25e3aac4]; rollback [true]
logbak: 12:13:00.473 o.s.t.c.t.TransactionalTestExecutionListener - Rolled back transaction after test execution for test context [TestContext@29598566 testClass = UserServiceTest, testInstance = com.koolping.rest.user.UserServiceTest@6d1e4208, testMethod = saveActiveSession@UserServiceTest, testException = [null], mergedContextConfiguration = [MergedContextConfiguration@1e341668 testClass = UserServiceTest, locations = '{classpath:META-INF/spring/root-context.xml}', classes = '{}', contextInitializerClasses = '[]', activeProfiles = '{dev}', contextLoader = 'org.springframework.test.context.support.DelegatingSmartContextLoader']]
logbak: 12:13:00.480 o.s.t.c.t.TransactionalTestExecutionListener - Began transaction (17): transaction manager [org.springframework.orm.jpa.JpaTransactionManager@25e3aac4]; rollback [true]
logbak: 12:13:00.488 o.s.t.c.t.TransactionalTestExecutionListener - Rolled back transaction after test execution for test context [TestContext@29598566 testClass = UserServiceTest, testInstance = com.koolping.rest.user.UserServiceTest@24d5f362, testMethod = getUserByEmailAddress@UserServiceTest, testException = [null], mergedContextConfiguration = [MergedContextConfiguration@1e341668 testClass = UserServiceTest, locations = '{classpath:META-INF/spring/root-context.xml}', classes = '{}', contextInitializerClasses = '[]', activeProfiles = '{dev}', contextLoader = 'org.springframework.test.context.support.DelegatingSmartContextLoader']]
logbak: 12:13:00.493 o.s.t.c.t.TransactionalTestExecutionListener - Began transaction (18): transaction manager [org.springframework.orm.jpa.JpaTransactionManager@25e3aac4]; rollback [true]
logbak: 12:13:00.497 o.s.t.c.t.TransactionalTestExecutionListener - Rolled back transaction after test execution for test context [TestContext@29598566 testClass = UserServiceTest, testInstance = com.koolping.rest.user.UserServiceTest@9442a44, testMethod = createDefaultUser@UserServiceTest, testException = [null], mergedContextConfiguration = [MergedContextConfiguration@1e341668 testClass = UserServiceTest, locations = '{classpath:META-INF/spring/root-context.xml}', classes = '{}', contextInitializerClasses = '[]', activeProfiles = '{dev}', contextLoader = 'org.springframework.test.context.support.DelegatingSmartContextLoader']]
logbak: 12:13:00.502 o.s.t.c.t.TransactionalTestExecutionListener - Began transaction (19): transaction manager [org.springframework.orm.jpa.JpaTransactionManager@25e3aac4]; rollback [true]
logbak: 12:13:00.509 o.s.t.c.t.TransactionalTestExecutionListener - Rolled back transaction after test execution for test context [TestContext@29598566 testClass = UserServiceTest, testInstance = com.koolping.rest.user.UserServiceTest@7803410d, testMethod = updateUserWithInvalidEmailAddress@UserServiceTest, testException = [null], mergedContextConfiguration = [MergedContextConfiguration@1e341668 testClass = UserServiceTest, locations = '{classpath:META-INF/spring/root-context.xml}', classes = '{}', contextInitializerClasses = '[]', activeProfiles = '{dev}', contextLoader = 'org.springframework.test.context.support.DelegatingSmartContextLoader']]
logbak: 12:13:00.515 o.s.t.c.t.TransactionalTestExecutionListener - Began transaction (20): transaction manager [org.springframework.orm.jpa.JpaTransactionManager@25e3aac4]; rollback [true]
logbak: 12:13:00.516 o.s.t.c.t.TransactionalTestExecutionListener - Rolled back transaction after test execution for test context [TestContext@29598566 testClass = UserServiceTest, testInstance = com.koolping.rest.user.UserServiceTest@171aa1cb, testMethod = invalidLoginRequestNullEmailAddress@UserServiceTest, testException = [null], mergedContextConfiguration = [MergedContextConfiguration@1e341668 testClass = UserServiceTest, locations = '{classpath:META-INF/spring/root-context.xml}', classes = '{}', contextInitializerClasses = '[]', activeProfiles = '{dev}', contextLoader = 'org.springframework.test.context.support.DelegatingSmartContextLoader']]
logbak: 12:13:00.522 o.s.t.c.t.TransactionalTestExecutionListener - Began transaction (21): transaction manager [org.springframework.orm.jpa.JpaTransactionManager@25e3aac4]; rollback [true]
logbak: 12:13:00.536 o.s.t.c.t.TransactionalTestExecutionListener - Rolled back transaction after test execution for test context [TestContext@29598566 testClass = UserServiceTest, testInstance = com.koolping.rest.user.UserServiceTest@25d50010, testMethod = multipleLoginsGetDifferentSessionToken@UserServiceTest, testException = [null], mergedContextConfiguration = [MergedContextConfiguration@1e341668 testClass = UserServiceTest, locations = '{classpath:META-INF/spring/root-context.xml}', classes = '{}', contextInitializerClasses = '[]', activeProfiles = '{dev}', contextLoader = 'org.springframework.test.context.support.DelegatingSmartContextLoader']]
logbak: 12:13:00.543 o.s.t.c.t.TransactionalTestExecutionListener - Began transaction (22): transaction manager [org.springframework.orm.jpa.JpaTransactionManager@25e3aac4]; rollback [true]
logbak: 12:13:00.545 o.s.t.c.t.TransactionalTestExecutionListener - Rolled back transaction after test execution for test context [TestContext@29598566 testClass = UserServiceTest, testInstance = com.koolping.rest.user.UserServiceTest@4b0aa66a, testMethod = invalidLoginRequestNullPassword@UserServiceTest, testException = [null], mergedContextConfiguration = [MergedContextConfiguration@1e341668 testClass = UserServiceTest, locations = '{classpath:META-INF/spring/root-context.xml}', classes = '{}', contextInitializerClasses = '[]', activeProfiles = '{dev}', contextLoader = 'org.springframework.test.context.support.DelegatingSmartContextLoader']]
]]></system-out>
  <system-err><![CDATA[]]></system-err>
</testsuite>
